<?xml version="1.0" encoding="UTF-8"?>
<!-- Generated by org.testng.reporters.JUnitReportReporter -->
<testsuite hostname="MANI" failures="0" tests="1" name="com.bestbuy.tests.AccountPageTest" time="36.650" errors="0" timestamp="2023-09-08T17:26:35 IST" skipped="0">
  <testcase classname="com.bestbuy.tests.AccountPageTest" name="AccountCreate" time="36.650"/>
</testsuite> <!-- com.bestbuy.tests.AccountPageTest -->
