<?xml version="1.0" encoding="UTF-8"?>
<!-- Generated by org.testng.reporters.JUnitReportReporter -->
<testsuite hostname="MANI" failures="0" tests="1" name="com.spicejet.tests.LoginPageTest" time="16.040" errors="0" timestamp="2023-09-09T15:23:08 IST" skipped="0">
  <testcase classname="com.spicejet.tests.LoginPageTest" name="Invalidlogin" time="16.040"/>
</testsuite> <!-- com.spicejet.tests.LoginPageTest -->
