<?xml version="1.0" encoding="UTF-8"?>
<!-- Generated by org.testng.reporters.JUnitReportReporter -->
<testsuite hostname="MANI" failures="0" tests="1" name="com.bestbuy.tests.LinkValidationTest" time="2.996" errors="0" timestamp="2023-09-04T15:43:57 IST" skipped="0">
  <testcase classname="com.bestbuy.tests.LinkValidationTest" name="AccountCreate" time="2.996"/>
</testsuite> <!-- com.bestbuy.tests.LinkValidationTest -->
