<?xml version="1.0" encoding="UTF-8"?>
<!-- Generated by org.testng.reporters.JUnitReportReporter -->
<testsuite hostname="MANI" failures="0" tests="1" name="com.bestbuy.tests.ProductPageTest" time="34.124" errors="0" timestamp="2023-09-04T16:20:09 IST" skipped="0">
  <testcase classname="com.bestbuy.tests.ProductPageTest" name="AddProduct" time="34.124"/>
</testsuite> <!-- com.bestbuy.tests.ProductPageTest -->
