<?xml version="1.0" encoding="UTF-8"?>
<!-- Generated by org.testng.reporters.JUnitReportReporter -->
<testsuite hostname="MANI" failures="0" tests="1" name="com.spicejet.tests.TabShiftTest" time="15.038" errors="0" timestamp="2023-09-10T12:08:24 IST" skipped="0">
  <testcase classname="com.spicejet.tests.TabShiftTest" name="TabSwitch" time="15.038"/>
</testsuite> <!-- com.spicejet.tests.TabShiftTest -->
