<?xml version="1.0" encoding="UTF-8"?>
<!-- Generated by org.testng.reporters.JUnitReportReporter -->
<testsuite hostname="MANI" failures="0" tests="1" name="com.spicejet.tests.BookingPageTest" time="17.264" errors="0" timestamp="2023-09-11T14:32:02 IST" skipped="0">
  <testcase classname="com.spicejet.tests.BookingPageTest" name="Booking" time="17.264"/>
</testsuite> <!-- com.spicejet.tests.BookingPageTest -->
