<?xml version="1.0" encoding="UTF-8"?>
<!-- Generated by org.testng.reporters.JUnitReportReporter -->
<testsuite hostname="MANI" failures="0" tests="1" name="com.bestbuy.tests.CheckoutPageTest" time="75.034" errors="0" timestamp="2023-09-08T16:13:47 IST" skipped="0">
  <testcase classname="com.bestbuy.tests.CheckoutPageTest" name="Checkoutpg" time="75.034"/>
</testsuite> <!-- com.bestbuy.tests.CheckoutPageTest -->
