<?xml version="1.0" encoding="UTF-8"?>
<!-- Generated by org.testng.reporters.JUnitReportReporter -->
<testsuite hostname="MANI" failures="0" tests="1" name="com.bestbuy.tests.CateogrypgTest" time="40.301" errors="0" timestamp="2023-09-08T12:09:09 IST" skipped="0">
  <testcase classname="com.bestbuy.tests.CateogrypgTest" name="ShopByBrand" time="40.301"/>
</testsuite> <!-- com.bestbuy.tests.CateogrypgTest -->
