<?xml version="1.0" encoding="UTF-8"?>
<!-- Generated by org.testng.reporters.JUnitReportReporter -->
<testsuite hostname="MANI" failures="0" tests="1" name="com.bestbuy.tests.NavigationTest" time="4.587" errors="0" timestamp="2023-09-04T15:37:28 IST" skipped="0">
  <testcase classname="com.bestbuy.tests.NavigationTest" name="navigate" time="4.587"/>
</testsuite> <!-- com.bestbuy.tests.NavigationTest -->
