<?xml version="1.0" encoding="UTF-8"?>
<!-- Generated by org.testng.reporters.JUnitReportReporter -->
<testsuite hostname="MANI" failures="0" tests="1" name="com.bestbuy.tests.signinTest" time="50.470" errors="0" timestamp="2023-09-08T16:28:53 IST" skipped="0">
  <testcase classname="com.bestbuy.tests.signinTest" name="Signin" time="50.470"/>
</testsuite> <!-- com.bestbuy.tests.signinTest -->
