<?xml version="1.0" encoding="UTF-8"?>
<!-- Generated by org.testng.reporters.JUnitReportReporter -->
<testsuite hostname="MANI" failures="0" tests="1" name="com.spicejet.tests.SignUppageTest" time="23.018" errors="0" timestamp="2023-09-09T13:41:15 IST" skipped="0">
  <testcase classname="com.spicejet.tests.SignUppageTest" name="Signup" time="23.018"/>
  <system-out/>
</testsuite> <!-- com.spicejet.tests.SignUppageTest -->
